{"/Users/samantha/Projects/Beach/node-course/notes-app/notes.js": {"path":"/Users/samantha/Projects/Beach/node-course/notes-app/notes.js","statementMap":{"0":{"start":{"line":1,"column":11},"end":{"line":1,"column":24}},"1":{"start":{"line":2,"column":17},"end":{"line":2,"column":29}},"2":{"start":{"line":4,"column":17},"end":{"line":6,"column":1}},"3":{"start":{"line":5,"column":4},"end":{"line":5,"column":26}},"4":{"start":{"line":8,"column":20},"end":{"line":8,"column":92}},"5":{"start":{"line":8,"column":38},"end":{"line":8,"column":92}},"6":{"start":{"line":8,"column":57},"end":{"line":8,"column":77}},"7":{"start":{"line":10,"column":16},"end":{"line":21,"column":1}},"8":{"start":{"line":11,"column":18},"end":{"line":11,"column":29}},"9":{"start":{"line":13,"column":4},"end":{"line":13,"column":64}},"10":{"start":{"line":13,"column":35},"end":{"line":13,"column":64}},"11":{"start":{"line":15,"column":20},"end":{"line":18,"column":5}},"12":{"start":{"line":19,"column":4},"end":{"line":19,"column":23}},"13":{"start":{"line":20,"column":4},"end":{"line":20,"column":53}},"14":{"start":{"line":23,"column":19},"end":{"line":30,"column":1}},"15":{"start":{"line":24,"column":18},"end":{"line":24,"column":29}},"16":{"start":{"line":26,"column":4},"end":{"line":26,"column":65}},"17":{"start":{"line":26,"column":36},"end":{"line":26,"column":65}},"18":{"start":{"line":28,"column":25},"end":{"line":28,"column":67}},"19":{"start":{"line":28,"column":46},"end":{"line":28,"column":66}},"20":{"start":{"line":29,"column":4},"end":{"line":29,"column":60}},"21":{"start":{"line":32,"column":18},"end":{"line":34,"column":1}},"22":{"start":{"line":33,"column":4},"end":{"line":33,"column":22}},"23":{"start":{"line":36,"column":17},"end":{"line":41,"column":1}},"24":{"start":{"line":37,"column":18},"end":{"line":37,"column":29}},"25":{"start":{"line":38,"column":25},"end":{"line":38,"column":65}},"26":{"start":{"line":38,"column":44},"end":{"line":38,"column":64}},"27":{"start":{"line":39,"column":4},"end":{"line":39,"column":52}},"28":{"start":{"line":39,"column":23},"end":{"line":39,"column":52}},"29":{"start":{"line":40,"column":4},"end":{"line":40,"column":23}},"30":{"start":{"line":43,"column":18},"end":{"line":51,"column":1}},"31":{"start":{"line":44,"column":4},"end":{"line":50,"column":5}},"32":{"start":{"line":45,"column":28},"end":{"line":45,"column":53}},"33":{"start":{"line":46,"column":22},"end":{"line":46,"column":56}},"34":{"start":{"line":47,"column":8},"end":{"line":47,"column":20}},"35":{"start":{"line":49,"column":8},"end":{"line":49,"column":17}},"36":{"start":{"line":53,"column":0},"end":{"line":59,"column":1}}},"fnMap":{"0":{"name":"(anonymous_0)","decl":{"start":{"line":4,"column":17},"end":{"line":4,"column":18}},"loc":{"start":{"line":4,"column":23},"end":{"line":6,"column":1}},"line":4},"1":{"name":"(anonymous_1)","decl":{"start":{"line":8,"column":20},"end":{"line":8,"column":21}},"loc":{"start":{"line":8,"column":38},"end":{"line":8,"column":92}},"line":8},"2":{"name":"(anonymous_2)","decl":{"start":{"line":8,"column":49},"end":{"line":8,"column":50}},"loc":{"start":{"line":8,"column":57},"end":{"line":8,"column":77}},"line":8},"3":{"name":"(anonymous_3)","decl":{"start":{"line":10,"column":16},"end":{"line":10,"column":17}},"loc":{"start":{"line":10,"column":33},"end":{"line":21,"column":1}},"line":10},"4":{"name":"(anonymous_4)","decl":{"start":{"line":23,"column":19},"end":{"line":23,"column":20}},"loc":{"start":{"line":23,"column":30},"end":{"line":30,"column":1}},"line":23},"5":{"name":"(anonymous_5)","decl":{"start":{"line":28,"column":38},"end":{"line":28,"column":39}},"loc":{"start":{"line":28,"column":46},"end":{"line":28,"column":66}},"line":28},"6":{"name":"(anonymous_6)","decl":{"start":{"line":32,"column":18},"end":{"line":32,"column":19}},"loc":{"start":{"line":32,"column":24},"end":{"line":34,"column":1}},"line":32},"7":{"name":"(anonymous_7)","decl":{"start":{"line":36,"column":17},"end":{"line":36,"column":18}},"loc":{"start":{"line":36,"column":28},"end":{"line":41,"column":1}},"line":36},"8":{"name":"(anonymous_8)","decl":{"start":{"line":38,"column":36},"end":{"line":38,"column":37}},"loc":{"start":{"line":38,"column":44},"end":{"line":38,"column":64}},"line":38},"9":{"name":"(anonymous_9)","decl":{"start":{"line":43,"column":18},"end":{"line":43,"column":19}},"loc":{"start":{"line":43,"column":24},"end":{"line":51,"column":1}},"line":43}},"branchMap":{"0":{"loc":{"start":{"line":13,"column":4},"end":{"line":13,"column":64}},"type":"if","locations":[{"start":{"line":13,"column":4},"end":{"line":13,"column":64}},{"start":{},"end":{}}],"line":13},"1":{"loc":{"start":{"line":26,"column":4},"end":{"line":26,"column":65}},"type":"if","locations":[{"start":{"line":26,"column":4},"end":{"line":26,"column":65}},{"start":{},"end":{}}],"line":26},"2":{"loc":{"start":{"line":39,"column":4},"end":{"line":39,"column":52}},"type":"if","locations":[{"start":{"line":39,"column":4},"end":{"line":39,"column":52}},{"start":{},"end":{}}],"line":39}},"s":{"0":1,"1":1,"2":1,"3":0,"4":1,"5":8,"6":4,"7":1,"8":4,"9":4,"10":1,"11":3,"12":3,"13":3,"14":1,"15":4,"16":4,"17":3,"18":1,"19":1,"20":1,"21":1,"22":2,"23":1,"24":2,"25":2,"26":3,"27":2,"28":1,"29":1,"30":1,"31":12,"32":12,"33":9,"34":9,"35":3,"36":1},"f":{"0":0,"1":8,"2":4,"3":4,"4":4,"5":1,"6":2,"7":2,"8":3,"9":12},"b":{"0":[1,3],"1":[3,1],"2":[1,1]},"_coverageSchema":"1a1c01bbd47fc00a2c39e90264f33305004495a9","hash":"56ea2e5a06585cb8501e380e2fca445cbdc5d1af"}
}
