TN:
SF:notes.js
FN:4,(anonymous_0)
FN:8,(anonymous_1)
FN:8,(anonymous_2)
FN:10,(anonymous_3)
FN:23,(anonymous_4)
FN:28,(anonymous_5)
FN:32,(anonymous_6)
FN:36,(anonymous_7)
FN:38,(anonymous_8)
FN:43,(anonymous_9)
FNF:10
FNH:9
FNDA:0,(anonymous_0)
FNDA:8,(anonymous_1)
FNDA:4,(anonymous_2)
FNDA:4,(anonymous_3)
FNDA:4,(anonymous_4)
FNDA:1,(anonymous_5)
FNDA:2,(anonymous_6)
FNDA:2,(anonymous_7)
FNDA:3,(anonymous_8)
FNDA:12,(anonymous_9)
DA:1,1
DA:2,1
DA:4,1
DA:5,0
DA:8,8
DA:10,1
DA:11,4
DA:13,4
DA:15,3
DA:19,3
DA:20,3
DA:23,1
DA:24,4
DA:26,4
DA:28,1
DA:29,1
DA:32,1
DA:33,2
DA:36,1
DA:37,2
DA:38,3
DA:39,2
DA:40,1
DA:43,1
DA:44,12
DA:45,12
DA:46,9
DA:47,9
DA:49,3
DA:53,1
LF:30
LH:29
BRDA:13,0,0,1
BRDA:13,0,1,3
BRDA:26,1,0,3
BRDA:26,1,1,1
BRDA:39,2,0,1
BRDA:39,2,1,1
BRF:6
BRH:6
end_of_record
